Wed Jan 13 15:39:57 CET 2010: Test des logs erreur...
Wed Jan 13 15:46:17 CET 2010: Test des logs erreur...
Wed Jan 13 15:46:17 CET 2010: Database connect error !
Wed Jan 13 15:47:04 CET 2010: Test des logs erreur...
Wed Jan 13 15:47:04 CET 2010: Database connect error !
Wed Jan 13 15:47:33 CET 2010: Test des logs erreur...
Wed Jan 13 15:47:33 CET 2010: Database connect error !
Wed Jan 13 15:50:30 CET 2010: Test des logs erreur...
Wed Jan 13 15:50:30 CET 2010: Database connect error !
Wed Jan 13 15:50:39 CET 2010: Test des logs erreur...
Wed Jan 13 15:50:39 CET 2010: Database connect error !
Wed Jan 13 16:09:44 CET 2010: Test des logs erreur...
Wed Jan 13 16:11:44 CET 2010: Test des logs erreur...
Wed Jan 13 16:17:00 CET 2010: Test des logs erreur...
Wed Jan 13 16:22:54 CET 2010: Test des logs erreur...
Wed Jan 13 17:25:49 CET 2010: Test des logs erreur...
Wed Jan 13 19:26:41 CET 2010: Test des logs erreur...
Wed Jan 13 19:39:33 CET 2010: Test des logs erreur...
Wed Jan 13 19:40:26 CET 2010: Test des logs erreur...
Wed Jan 13 19:40:37 CET 2010: Test des logs erreur...
Wed Jan 13 19:41:09 CET 2010: Test des logs erreur...
Wed Jan 13 19:41:18 CET 2010: Packet Handler: client /127.0.0.1 send invalid packet !
Wed Jan 13 19:47:12 CET 2010: Test des logs erreur...
Wed Jan 13 19:47:27 CET 2010: Packet Handler: client /127.0.0.1 send invalid packet !
Wed Jan 13 19:47:34 CET 2010: Listening Master Socket Error !
Wed Jan 13 19:48:51 CET 2010: Test des logs erreur...
Wed Jan 13 19:49:00 CET 2010: Packet Handler: client /127.0.0.1 send invalid packet !
Wed Jan 13 19:50:11 CET 2010: Test des logs erreur...
Wed Jan 13 19:50:19 CET 2010: Packet Handler: client /127.0.0.1 send invalid packet !
Wed Jan 13 19:51:25 CET 2010: Test des logs erreur...
Wed Jan 13 20:40:03 CET 2010: Test des logs erreur...
Wed Jan 13 20:40:05 CET 2010: Database connect error !
Wed Jan 13 20:41:19 CET 2010: Test des logs erreur...
Wed Jan 13 20:41:26 CET 2010: Packet Handler: client /127.0.0.1 send invalid packet !
Wed Jan 13 20:41:34 CET 2010: Packet Handler: client /127.0.0.1 send invalid packet !
Wed Jan 13 20:41:36 CET 2010: Listening Master Socket Error !
Wed Jan 13 20:42:24 CET 2010: Packet Handler: client /127.0.0.1 send invalid packet !
Wed Jan 13 20:42:29 CET 2010: Listening Master Socket Error !
Wed Jan 13 20:46:08 CET 2010: Test des logs erreur...
Wed Jan 13 20:46:15 CET 2010: Packet Handler: client /127.0.0.1 send invalid packet !
Wed Jan 13 20:46:38 CET 2010: Listening Master Socket Error !
Wed Jan 13 20:46:44 CET 2010: Packet Handler: client /127.0.0.1 send invalid packet !
Wed Jan 13 20:47:14 CET 2010: Listening Master Socket Error !
Wed Jan 13 20:47:53 CET 2010: Test des logs erreur...
Thu Jan 14 15:01:02 CET 2010: Test des logs erreur...
Thu Jan 14 15:01:04 CET 2010: Database connect error !
Thu Jan 14 15:02:17 CET 2010: Test des logs erreur...
Thu Jan 14 15:06:55 CET 2010: Listening Master Socket Error !
Thu Jan 14 15:07:19 CET 2010: Listening Master Socket Error !
Thu Jan 14 15:08:20 CET 2010: Listening Master Socket Error !
Thu Jan 14 15:32:51 CET 2010: Listening Master Socket Error !
Thu Jan 14 15:52:15 CET 2010: Listening Master Socket Error !
Thu Jan 14 15:55:40 CET 2010: Listening Master Socket Error !
Thu Jan 14 15:56:47 CET 2010: Listening Master Socket Error !
Thu Jan 14 17:04:06 CET 2010: Test des logs erreur...
