FSS Com Server version Alpha 0.0.7
FSS Com Server version Alpha 0.0.7
FSS Com Server version Alpha 0.0.7
FSS Com Server version Alpha 0.0.7
FSS Com Server version Alpha 0.0.7
FSS Com Server version Alpha 0.0.7
FSS Com Server version Alpha 0.0.7
FSS Com Server version Alpha 0.0.7
FSS Com Server version Alpha 0.0.7
FSS Com Server version Alpha 0.0.7
FSS Com Server version Alpha 0.0.7
FSS Com Server version Alpha 0.0.7
coucou
FSS Com Server version Alpha 0.0.7
FSS Com Server version Alpha 0.0.7
test
FSS Com Server version Alpha 0.0.7
FSS Com Server version Alpha 0.0.7
test
test
FSS Com Server version Alpha 0.0.7
heyè
FSS Com Server version Alpha 0.0.7
FSS Com Server version Alpha 0.0.7
test
FSS Com Server version Alpha 0.0.7
test
FSS Com Server version Alpha 0.0.7
test tst
FSS Com Server version Alpha 0.0.7
test sdl,sdlns ndgm nsdgmns d
FSS Com Server version Alpha 0.0.7
test
FSS Com Server version Alpha 0.0.7
FSS Com Server version Alpha 0.0.7
test
FSS Com Server version Alpha 0.0.7
test
FSS Com Server version Alpha 0.0.7
test
FSS Com Server version Alpha 0.0.7
test
FSS Com Server version Alpha 0.0.7
test
test
FSS Com Server version Alpha 0.0.7
test
FSS Com Server version Alpha 0.0.7
test
test
test
test
test
FSS Com Server version Alpha 0.0.7
test
test
test
FSS Com Server version Alpha 0.0.7
FSS Com Server version Alpha 0.0.8
test
sdg

FSS Com Server version Alpha 0.0.8
tetete
tetetegdfhfk
sgfjlj
FSS Com Server version Alpha 0.0.8
close
FSS Com Server version Alpha 0.0.8
tetetet
clos
test
FSS Com Server version Alpha 0.0.8
FSS Com Server version Alpha 0.0.8
coucou
FSS Com Server version Alpha 0.0.8
FSS Com Server version Alpha 0.0.8
FSS Com Server version Alpha 0.0.8
123 / est
FSS Com Server version Alpha 0.0.8
122 / coucou
FSS Com Server version Alpha 0.1.0
FSS Com Server version Alpha 0.1.0
FSS Com Server version Alpha 0.1.0
123 / test
Packet received from /127.0.0.1
1 / test
1 / test
Packet received from /127.0.0.1
1 / test
1 / test
null / null
FSS Com Server version Alpha 0.1.0
Packet received from /127.0.0.1
100 / test
100 / test
FSS Com Server version Alpha 0.1.0
Packet received from /127.0.0.1
8 / test
Packet received from /127.0.0.1
9 / test
Packet received from /127.0.0.1
10 / 
Packet received from /127.0.0.1
0 / 
Packet received from /127.0.0.1
1 / 
Packet received from /127.0.0.1
2 / 
Packet received from /127.0.0.1
0 / 
Packet received from /127.0.0.1
8 / 
Packet received from /127.0.0.1
10 / 
Packet received from /127.0.0.1
6 / 
Packet received from /127.0.0.1
7 / 
Packet received from /127.0.0.1
0 / 
Packet received from /127.0.0.1
15 / 
Packet received from /127.0.0.1
13 / 
Packet received from /127.0.0.1
15 / 
FSS Com Server version Alpha 0.1.0
